0 info it worked if it ends with ok
1 verbose cli [ 'C:\\Program Files\\nodejs\\node.exe',
1 verbose cli   'C:\\Program Files\\nodejs\\node_modules\\npm\\bin\\npm-cli.js',
1 verbose cli   'publish' ]
2 info using npm@3.3.12
3 info using node@v5.5.0
4 verbose publish [ '.' ]
5 silly cache add args [ '.', null ]
6 verbose cache add spec .
7 silly cache add parsed spec Result {
7 silly cache add   raw: '.',
7 silly cache add   scope: null,
7 silly cache add   name: null,
7 silly cache add   rawSpec: '.',
7 silly cache add   spec: 'E:\\My Projects\\nodeJsPractice\\basic\\my-awesome-nodejs-module',
7 silly cache add   type: 'directory' }
8 verbose addLocalDirectory C:\Users\tle\AppData\Roaming\npm-cache\my-awesome-nodejs-module\0.0.1\package.tgz not in flight; packing
9 info lifecycle my-awesome-nodejs-module@0.0.1~prepublish: my-awesome-nodejs-module@0.0.1
10 silly lifecycle my-awesome-nodejs-module@0.0.1~prepublish: no script for prepublish, continuing
11 verbose tar pack [ 'C:\\Users\\tle\\AppData\\Roaming\\npm-cache\\my-awesome-nodejs-module\\0.0.1\\package.tgz',
11 verbose tar pack   'E:\\My Projects\\nodeJsPractice\\basic\\my-awesome-nodejs-module' ]
12 verbose tarball C:\Users\tle\AppData\Roaming\npm-cache\my-awesome-nodejs-module\0.0.1\package.tgz
13 verbose folder E:\My Projects\nodeJsPractice\basic\my-awesome-nodejs-module
14 verbose addLocalTarball adding from inside cache C:\Users\tle\AppData\Roaming\npm-cache\my-awesome-nodejs-module\0.0.1\package.tgz
15 silly cache afterAdd my-awesome-nodejs-module@0.0.1
16 verbose afterAdd C:\Users\tle\AppData\Roaming\npm-cache\my-awesome-nodejs-module\0.0.1\package\package.json not in flight; writing
17 verbose afterAdd C:\Users\tle\AppData\Roaming\npm-cache\my-awesome-nodejs-module\0.0.1\package\package.json written
18 silly publish { name: 'my-awesome-nodejs-module',
18 silly publish   version: '0.0.1',
18 silly publish   readme: 'ERROR: No README data found!',
18 silly publish   _id: 'my-awesome-nodejs-module@0.0.1',
18 silly publish   scripts: {},
18 silly publish   _shasum: '921eaa9eaa50bf9d55003df7514aa8c4730508d1',
18 silly publish   _from: '.' }
19 verbose getPublishConfig undefined
20 silly mapToRegistry name my-awesome-nodejs-module
21 silly mapToRegistry using default registry
22 silly mapToRegistry registry https://registry.npmjs.org/
23 silly mapToRegistry uri https://registry.npmjs.org/my-awesome-nodejs-module
24 verbose publish registryBase https://registry.npmjs.org/
25 silly publish uploading C:\Users\tle\AppData\Roaming\npm-cache\my-awesome-nodejs-module\0.0.1\package.tgz
26 verbose stack Error: auth required for publishing
26 verbose stack     at CachingRegistryClient.publish (C:\Program Files\nodejs\node_modules\npm\node_modules\npm-registry-client\lib\publish.js:30:14)
26 verbose stack     at C:\Program Files\nodejs\node_modules\npm\lib\publish.js:137:14
26 verbose stack     at mapToRegistry (C:\Program Files\nodejs\node_modules\npm\lib\utils\map-to-registry.js:55:3)
26 verbose stack     at publish_ (C:\Program Files\nodejs\node_modules\npm\lib\publish.js:106:3)
26 verbose stack     at Array.<anonymous> (C:\Program Files\nodejs\node_modules\npm\node_modules\slide\lib\bind-actor.js:15:8)
26 verbose stack     at LOOP (C:\Program Files\nodejs\node_modules\npm\node_modules\slide\lib\chain.js:15:14)
26 verbose stack     at LOOP (C:\Program Files\nodejs\node_modules\npm\node_modules\slide\lib\chain.js:14:28)
26 verbose stack     at chain (C:\Program Files\nodejs\node_modules\npm\node_modules\slide\lib\chain.js:20:5)
26 verbose stack     at C:\Program Files\nodejs\node_modules\npm\lib\publish.js:72:5
26 verbose stack     at RES (C:\Program Files\nodejs\node_modules\npm\node_modules\inflight\inflight.js:23:14)
27 verbose cwd E:\My Projects\nodeJsPractice\basic\my-awesome-nodejs-module
28 error Windows_NT 6.1.7601
29 error argv "C:\\Program Files\\nodejs\\node.exe" "C:\\Program Files\\nodejs\\node_modules\\npm\\bin\\npm-cli.js" "publish"
30 error node v5.5.0
31 error npm  v3.3.12
32 error code ENEEDAUTH
33 error need auth auth required for publishing
33 error need auth You need to authorize this machine using `npm adduser`
34 verbose exit [ 1, true ]
